0 info it worked if it ends with ok
1 verbose cli [ 'node', '/usr/local/bin/npm', 'install', '-g', 'lessc' ]
2 info using npm@1.3.24
3 info using node@v0.10.25
4 verbose cache add [ 'lessc', null ]
5 verbose cache add name=undefined spec="lessc" args=["lessc",null]
6 verbose parsed url { protocol: null,
6 verbose parsed url   slashes: null,
6 verbose parsed url   auth: null,
6 verbose parsed url   host: null,
6 verbose parsed url   port: null,
6 verbose parsed url   hostname: null,
6 verbose parsed url   hash: null,
6 verbose parsed url   search: null,
6 verbose parsed url   query: null,
6 verbose parsed url   pathname: 'lessc',
6 verbose parsed url   path: 'lessc',
6 verbose parsed url   href: 'lessc' }
7 silly lockFile 8b3a335c-lessc lessc
8 verbose lock lessc /Users/kyungmin/.npm/8b3a335c-lessc.lock
9 silly lockFile 8b3a335c-lessc lessc
10 silly lockFile 8b3a335c-lessc lessc
11 verbose addNamed [ 'lessc', '' ]
12 verbose addNamed [ null, '*' ]
13 silly lockFile a47c36bc-lessc lessc@
14 verbose lock lessc@ /Users/kyungmin/.npm/a47c36bc-lessc.lock
15 silly addNameRange { name: 'lessc', range: '*', hasData: false }
16 verbose url raw lessc
17 verbose url resolving [ 'https://registry.npmjs.org/', './lessc' ]
18 verbose url resolved https://registry.npmjs.org/lessc
19 info trying registry request attempt 1 at 11:05:33
20 http GET https://registry.npmjs.org/lessc
21 http 404 https://registry.npmjs.org/lessc
22 silly registry.get cb [ 404,
22 silly registry.get   { date: 'Fri, 07 Feb 2014 19:05:33 GMT',
22 silly registry.get     server: 'CouchDB/1.5.0 (Erlang OTP/R16B)',
22 silly registry.get     'content-type': 'application/json',
22 silly registry.get     via: '1.1 varnish',
22 silly registry.get     'cache-control': 'max-age=0',
22 silly registry.get     'content-length': '52',
22 silly registry.get     'accept-ranges': 'bytes',
22 silly registry.get     age: '0',
22 silly registry.get     'x-served-by': 'cache-v44-ASH, cache-lax1422-LAX',
22 silly registry.get     'x-cache': 'MISS, MISS',
22 silly registry.get     'x-cache-hits': '0, 0',
22 silly registry.get     'x-timer': 'S1391799933.081613541,VS0,VS31,VE115,VE147',
22 silly registry.get     'keep-alive': 'timeout=10, max=50',
22 silly registry.get     connection: 'Keep-Alive' } ]
23 silly lockFile a47c36bc-lessc lessc@
24 silly lockFile a47c36bc-lessc lessc@
25 error 404 'lessc' is not in the npm registry.
25 error 404 You should bug the author to publish it
25 error 404
25 error 404 Note that you can also install from a
25 error 404 tarball, folder, or http url, or git url.
26 error System Darwin 13.0.2
27 error command "node" "/usr/local/bin/npm" "install" "-g" "lessc"
28 error cwd /Users/kyungmin/Documents/balanced.github.com
29 error node -v v0.10.25
30 error npm -v 1.3.24
31 error code E404
32 verbose exit [ 1, true ]
